Added Component: Designator=R8(RESC0603(1608)_L)
Add component (AddParameter): Name = "Case-EIA"; Value = "0603"; VariantName = "[No Variations]"
Add component (AddParameter): Name = "Case-Metric"; Value = "1608"; VariantName = "[No Variations]"
Add component (AddParameter): Name = "Power"; Value = "0.1 W"; VariantName = "[No Variations]"
Add component (AddParameter): Name = "Technology"; Value = "SMT"; VariantName = "[No Variations]"
Add component (AddParameter): Name = "Tolerance"; Value = "5 %"; VariantName = "[No Variations]"
Add component (AddParameter): Name = "Value"; Value = "1000.00 Ohm"; VariantName = "[No Variations]"
Added Component: Designator=R9(RESC0603(1608)_L)
Add component (AddParameter): Name = "Case-EIA"; Value = "0603"; VariantName = "[No Variations]"
Add component (AddParameter): Name = "Case-Metric"; Value = "1608"; VariantName = "[No Variations]"
Add component (AddParameter): Name = "Power"; Value = "0.1 W"; VariantName = "[No Variations]"
Add component (AddParameter): Name = "Technology"; Value = "SMT"; VariantName = "[No Variations]"
Add component (AddParameter): Name = "Tolerance"; Value = "5 %"; VariantName = "[No Variations]"
Add component (AddParameter): Name = "Value"; Value = "1000.00 Ohm"; VariantName = "[No Variations]"
Added Component: Designator=SERIAL(PinPad)
Added Pin To Net: NetName=GND Pin=SERIAL-1
Added Pin To Net: NetName=DTR(CTS) Pin=SERIAL-5
Added Pin To Net: NetName=+5 Pin=SERIAL-2
Added Net: Name=+5
Added Pin To Net: NetName=RXD Pin=SERIAL-4
Added Pin To Net: NetName=RXD Pin=U1-8
Added Net: Name=RXD
Added Pin To Net: NetName=TXDR Pin=R8-1
Added Pin To Net: NetName=TXDR Pin=R9-1
Added Pin To Net: NetName=TXDR Pin=U1-9
Added Net: Name=TXDR
Added Pin To Net: NetName=TXD Pin=R8-2
Added Pin To Net: NetName=TXD Pin=R9-2
Added Pin To Net: NetName=TXD Pin=SERIAL-3
Added Net: Name=TXD
Added Member To Class: ClassName=GT_16u2_Rev2 Member=Component R8 1K 1% 0603
Added Member To Class: ClassName=GT_16u2_Rev2 Member=Component R9 1K 1% 0603
Added Member To Class: ClassName=GT_16u2_Rev2 Member=Component SERIAL PinPad
